[2026-07-16 09:55:41] USER=SYSTEM ACTION=APPLICATION_START STATUS=SUCCESS
[2026-07-16 09:57:38] USER=SYSTEM ACTION=APPLICATION_START STATUS=SUCCESS
[2026-07-16 10:20:26] USER=SYSTEM ACTION=APPLICATION_START STATUS=SUCCESS
[2026-07-16 10:26:13] USER=SYSTEM ACTION=APPLICATION_START STATUS=SUCCESS
[2026-07-16 10:26:36] USER=Boss ACTION=LOGIN_SUCCESS STATUS=SUCCESS
[2026-07-16 10:27:01] USER=Boss ACTION=DRIVE_UNLOCK STATUS=SUCCESS
[2026-07-16 10:27:07] USER=Boss ACTION=DRIVE_LOCK STATUS=SUCCESS
[2026-07-16 10:27:12] USER=USER ACTION=LOGOUT STATUS=SUCCESS
[2026-07-16 10:36:24] USER=Boss ACTION=LOGIN_FAIL STATUS=BAD_TOTP
[2026-07-16 10:38:10] USER=Boss ACTION=LOGIN_FAIL STATUS=BAD_TOTP
[2026-07-16 10:38:18] USER=Boss ACTION=LOGIN_SUCCESS STATUS=SUCCESS
[2026-07-16 10:38:55] USER=Boss ACTION=DRIVE_UNLOCK STATUS=SUCCESS
[2026-07-16 10:38:57] USER=Boss ACTION=DRIVE_LOCK STATUS=SUCCESS
[2026-07-16 10:38:58] USER=Boss ACTION=DRIVE_UNLOCK STATUS=SUCCESS
[2026-07-16 10:38:59] USER=Boss ACTION=DRIVE_LOCK STATUS=SUCCESS
[2026-07-16 10:39:03] USER=Boss ACTION=DRIVE_UNLOCK STATUS=SUCCESS
[2026-07-16 10:39:06] USER=Boss ACTION=DRIVE_LOCK STATUS=SUCCESS
[2026-07-16 10:39:45] USER=USER ACTION=LOGOUT STATUS=SUCCESS
[2026-07-17 10:41:19] USER=SYSTEM ACTION=APPLICATION_START STATUS=SUCCESS
[2026-07-21 15:03:55] USER=SYSTEM ACTION=APPLICATION_START STATUS=SUCCESS
[2026-07-21 15:10:51] USER=Manager1 ACTION=MANAGER1_SESSION_STARTED STATUS=SUCCESS
[2026-07-21 15:10:55] USER=Manager1 ACTION=ACTION_BLOCKED reason=single_manager_only STATUS=FAILURE
[2026-07-21 15:10:55] USER=Manager1 ACTION=DRIVE_UNLOCK STATUS=FAILURE
[2026-07-21 15:11:34] USER=Manager1 ACTION=ACTION_BLOCKED reason=single_manager_only STATUS=FAILURE
[2026-07-21 15:11:34] USER=Manager1 ACTION=DRIVE_UNLOCK STATUS=FAILURE
[2026-07-21 15:11:45] USER=Manager1 ACTION=LOGOUT STATUS=SUCCESS
[2026-07-21 15:11:58] USER=Manager2 ACTION=MANAGER2_SESSION_STARTED STATUS=SUCCESS
[2026-07-21 15:12:03] USER=Manager2 ACTION=ACTION_BLOCKED reason=single_manager_only STATUS=FAILURE
[2026-07-21 15:12:03] USER=Manager2 ACTION=DRIVE_UNLOCK STATUS=FAILURE
[2026-07-21 15:12:10] USER=Manager2 ACTION=ACTION_BLOCKED reason=single_manager_only STATUS=FAILURE
[2026-07-21 15:12:10] USER=Manager2 ACTION=DRIVE_UNLOCK STATUS=FAILURE
[2026-07-21 15:12:20] USER=Manager2 ACTION=LOGOUT STATUS=SUCCESS
[2026-07-21 15:14:45] USER=Manager2 ACTION=MANAGER2_SESSION_STARTED STATUS=SUCCESS
[2026-07-21 15:14:56] USER=Manager1 ACTION=MANAGER1_SESSION_STARTED STATUS=SUCCESS
[2026-07-21 15:14:56] USER=SYSTEM ACTION=DUAL_MANAGER_GATE_OPEN STATUS=SUCCESS
[2026-07-21 15:15:08] USER=Manager2 ACTION=LOGOUT STATUS=SUCCESS
[2026-07-21 15:15:09] USER=SYSTEM ACTION=DUAL_MANAGER_GATE_CLOSED STATUS=SUCCESS
[2026-07-21 15:15:24] USER=Manager2 ACTION=MANAGER2_SESSION_STARTED STATUS=SUCCESS
[2026-07-21 15:15:24] USER=SYSTEM ACTION=DUAL_MANAGER_GATE_OPEN STATUS=SUCCESS
[2026-07-21 15:15:30] USER=Manager1 ACTION=LOGOUT STATUS=SUCCESS
[2026-07-21 15:15:31] USER=SYSTEM ACTION=DUAL_MANAGER_GATE_CLOSED STATUS=SUCCESS
[2026-07-21 15:21:07] USER=Manager2 ACTION=ACTION_BLOCKED reason=single_manager_only STATUS=FAILURE
[2026-07-21 15:21:07] USER=Manager2 ACTION=DRIVE_UNLOCK STATUS=FAILURE
[2026-07-21 15:21:13] USER=Manager1 ACTION=MANAGER1_SESSION_STARTED STATUS=SUCCESS
[2026-07-21 15:21:20] USER=Manager1 ACTION=ACTION_BLOCKED reason=single_manager_only STATUS=FAILURE
[2026-07-21 15:21:20] USER=Manager1 ACTION=DRIVE_UNLOCK STATUS=FAILURE
[2026-07-21 15:21:42] USER=Manager2 ACTION=LOGOUT STATUS=SUCCESS
[2026-07-21 15:22:10] USER=Manager2 ACTION=MANAGER2_SESSION_STARTED STATUS=SUCCESS
[2026-07-21 15:22:11] USER=SYSTEM ACTION=DUAL_MANAGER_GATE_OPEN STATUS=SUCCESS
[2026-07-21 15:22:13] USER=Manager1 ACTION=DRIVE_UNLOCK STATUS=SUCCESS
[2026-07-21 15:22:20] USER=Manager1 ACTION=DRIVE_LOCK STATUS=SUCCESS
[2026-07-21 15:22:29] USER=Manager2 ACTION=LOGOUT STATUS=SUCCESS
[2026-07-21 15:22:30] USER=SYSTEM ACTION=DUAL_MANAGER_GATE_CLOSED STATUS=SUCCESS
[2026-07-21 15:22:38] USER=Boss ACTION=LOGIN_SUCCESS STATUS=SUCCESS
[2026-07-21 15:24:10] USER=Manager1 ACTION=ACTION_BLOCKED reason=single_manager_only STATUS=FAILURE
[2026-07-21 15:24:10] USER=Manager1 ACTION=DRIVE_UNLOCK STATUS=FAILURE
[2026-07-21 15:28:45] USER=Boss ACTION=LOGOUT STATUS=SUCCESS
[2026-07-21 15:51:13] USER=Manager1 ACTION=SESSION_EXPIRED STATUS=SUCCESS
[2026-07-22 09:34:43] USER=SYSTEM ACTION=APPLICATION_START STATUS=SUCCESS
[2026-07-22 09:35:04] USER=Boss ACTION=LOGIN_SUCCESS STATUS=SUCCESS
[2026-07-22 09:39:03] USER=Boss ACTION=LOGOUT STATUS=SUCCESS
[2026-07-22 09:39:14] USER=Manager1 ACTION=MANAGER1_SESSION_STARTED STATUS=SUCCESS
[2026-07-22 09:39:59] USER=Manager1 ACTION=ACTION_BLOCKED reason=single_manager_only STATUS=FAILURE
[2026-07-22 09:39:59] USER=Manager1 ACTION=DRIVE_UNLOCK STATUS=FAILURE
[2026-07-22 09:40:31] USER=Manager1 ACTION=LOGOUT STATUS=SUCCESS
